<?xml version="1.0" encoding="UTF-8"?>
<!-- Generated by org.testng.reporters.JUnitXMLReporter -->
<testsuite ignored="0" hostname="LAPTOP-01LGJMU8" failures="0" tests="6" name="Default test" time="61.391" errors="0" timestamp="2021-04-24T15:12:48 IST">
  <testcase classname="com.CRM.Qa.testcases.ContactpageTest" name="verifycontactlabelTest" time="0.089"/>
  <testcase classname="com.CRM.Qa.testcases.ContactpageTest" name="selectcontacttext" time="0.077"/>
  <testcase classname="com.CRM.Qa.testcases.ContactpageTest" name="selectMultipleContactsTest" time="0.128"/>
  <testcase classname="com.CRM.Qa.testcases.ContactpageTest" name="validatecreatenewcontact" time="5.902"/>
  <testcase classname="com.CRM.Qa.testcases.ContactpageTest" name="validatecreatenewcontact" time="5.297"/>
  <testcase classname="com.CRM.Qa.testcases.ContactpageTest" name="validatecreatenewcontact" time="4.889"/>
</testsuite> <!-- Default test -->
